  Bai4.cpp
D:\HK3 nam 3\HUIT_THKTLT_NHOM10_BTVN\BTVNBUOI3\BTVNBUOI3\BTVNBUOI3\Bai4.cpp(103,12): warning C4566: character represented by universal-character-name '\u1EAD' cannot be represented in the current code page (1252)
D:\HK3 nam 3\HUIT_THKTLT_NHOM10_BTVN\BTVNBUOI3\BTVNBUOI3\BTVNBUOI3\Bai4.cpp(103,12): warning C4566: character represented by universal-character-name '\u1EA5' cannot be represented in the current code page (1252)
D:\HK3 nam 3\HUIT_THKTLT_NHOM10_BTVN\BTVNBUOI3\BTVNBUOI3\BTVNBUOI3\Bai4.cpp(103,12): warning C4566: character represented by universal-character-name '\u1EE7' cannot be represented in the current code page (1252)
D:\HK3 nam 3\HUIT_THKTLT_NHOM10_BTVN\BTVNBUOI3\BTVNBUOI3\BTVNBUOI3\Bai4.cpp(106,12): warning C4566: character represented by universal-character-name '\u1EAD' cannot be represented in the current code page (1252)
D:\HK3 nam 3\HUIT_THKTLT_NHOM10_BTVN\BTVNBUOI3\BTVNBUOI3\BTVNBUOI3\Bai4.cpp(106,12): warning C4566: character represented by universal-character-name '\u1EA7' cannot be represented in the current code page (1252)
D:\HK3 nam 3\HUIT_THKTLT_NHOM10_BTVN\BTVNBUOI3\BTVNBUOI3\BTVNBUOI3\Bai4.cpp(106,12): warning C4566: character represented by universal-character-name '\u1EED' cannot be represented in the current code page (1252)
D:\HK3 nam 3\HUIT_THKTLT_NHOM10_BTVN\BTVNBUOI3\BTVNBUOI3\BTVNBUOI3\Bai4.cpp(106,12): warning C4566: character represented by universal-character-name '\u1EE7' cannot be represented in the current code page (1252)
D:\HK3 nam 3\HUIT_THKTLT_NHOM10_BTVN\BTVNBUOI3\BTVNBUOI3\BTVNBUOI3\Bai4.cpp(115,16): warning C4566: character represented by universal-character-name '\u1EAF' cannot be represented in the current code page (1252)
D:\HK3 nam 3\HUIT_THKTLT_NHOM10_BTVN\BTVNBUOI3\BTVNBUOI3\BTVNBUOI3\Bai4.cpp(115,16): warning C4566: character represented by universal-character-name '\u1EBF' cannot be represented in the current code page (1252)
D:\HK3 nam 3\HUIT_THKTLT_NHOM10_BTVN\BTVNBUOI3\BTVNBUOI3\BTVNBUOI3\Bai4.cpp(115,16): warning C4566: character represented by universal-character-name '\u0111' cannot be represented in the current code page (1252)
D:\HK3 nam 3\HUIT_THKTLT_NHOM10_BTVN\BTVNBUOI3\BTVNBUOI3\BTVNBUOI3\Bai4.cpp(115,16): warning C4566: character represented by universal-character-name '\u01B0' cannot be represented in the current code page (1252)
D:\HK3 nam 3\HUIT_THKTLT_NHOM10_BTVN\BTVNBUOI3\BTVNBUOI3\BTVNBUOI3\Bai4.cpp(115,16): warning C4566: character represented by universal-character-name '\u1EDD' cannot be represented in the current code page (1252)
D:\HK3 nam 3\HUIT_THKTLT_NHOM10_BTVN\BTVNBUOI3\BTVNBUOI3\BTVNBUOI3\Bai4.cpp(115,16): warning C4566: character represented by universal-character-name '\u1EE5' cannot be represented in the current code page (1252)
D:\HK3 nam 3\HUIT_THKTLT_NHOM10_BTVN\BTVNBUOI3\BTVNBUOI3\BTVNBUOI3\Bai4.cpp(115,16): warning C4566: character represented by universal-character-name '\u0103' cannot be represented in the current code page (1252)
D:\HK3 nam 3\HUIT_THKTLT_NHOM10_BTVN\BTVNBUOI3\BTVNBUOI3\BTVNBUOI3\Bai4.cpp(115,16): warning C4566: character represented by universal-character-name '\u1EA7' cannot be represented in the current code page (1252)
D:\HK3 nam 3\HUIT_THKTLT_NHOM10_BTVN\BTVNBUOI3\BTVNBUOI3\BTVNBUOI3\Bai4.cpp(115,16): warning C4566: character represented by universal-character-name '\u1EA3' cannot be represented in the current code page (1252)
D:\HK3 nam 3\HUIT_THKTLT_NHOM10_BTVN\BTVNBUOI3\BTVNBUOI3\BTVNBUOI3\Bai4.cpp(116,16): warning C4566: character represented by universal-character-name '\u1EAF' cannot be represented in the current code page (1252)
D:\HK3 nam 3\HUIT_THKTLT_NHOM10_BTVN\BTVNBUOI3\BTVNBUOI3\BTVNBUOI3\Bai4.cpp(116,16): warning C4566: character represented by universal-character-name '\u1EBF' cannot be represented in the current code page (1252)
D:\HK3 nam 3\HUIT_THKTLT_NHOM10_BTVN\BTVNBUOI3\BTVNBUOI3\BTVNBUOI3\Bai4.cpp(116,16): warning C4566: character represented by universal-character-name '\u1EBB' cannot be represented in the current code page (1252)
D:\HK3 nam 3\HUIT_THKTLT_NHOM10_BTVN\BTVNBUOI3\BTVNBUOI3\BTVNBUOI3\Bai4.cpp(116,16): warning C4566: character represented by universal-character-name '\u0103' cannot be represented in the current code page (1252)
D:\HK3 nam 3\HUIT_THKTLT_NHOM10_BTVN\BTVNBUOI3\BTVNBUOI3\BTVNBUOI3\Bai4.cpp(116,16): warning C4566: character represented by universal-character-name '\u1EA7' cannot be represented in the current code page (1252)
D:\HK3 nam 3\HUIT_THKTLT_NHOM10_BTVN\BTVNBUOI3\BTVNBUOI3\BTVNBUOI3\Bai4.cpp(116,16): warning C4566: character represented by universal-character-name '\u1EB5' cannot be represented in the current code page (1252)
D:\HK3 nam 3\HUIT_THKTLT_NHOM10_BTVN\BTVNBUOI3\BTVNBUOI3\BTVNBUOI3\Bai4.cpp(116,16): warning C4566: character represented by universal-character-name '\u1EA3' cannot be represented in the current code page (1252)
D:\HK3 nam 3\HUIT_THKTLT_NHOM10_BTVN\BTVNBUOI3\BTVNBUOI3\BTVNBUOI3\Bai4.cpp(117,16): warning C4566: character represented by universal-character-name '\u1EAF' cannot be represented in the current code page (1252)
D:\HK3 nam 3\HUIT_THKTLT_NHOM10_BTVN\BTVNBUOI3\BTVNBUOI3\BTVNBUOI3\Bai4.cpp(117,16): warning C4566: character represented by universal-character-name '\u1EBF' cannot be represented in the current code page (1252)
D:\HK3 nam 3\HUIT_THKTLT_NHOM10_BTVN\BTVNBUOI3\BTVNBUOI3\BTVNBUOI3\Bai4.cpp(117,16): warning C4566: character represented by universal-character-name '\u1ED9' cannot be represented in the current code page (1252)
D:\HK3 nam 3\HUIT_THKTLT_NHOM10_BTVN\BTVNBUOI3\BTVNBUOI3\BTVNBUOI3\Bai4.cpp(117,16): warning C4566: character represented by universal-character-name '\u1EBB' cannot be represented in the current code page (1252)
D:\HK3 nam 3\HUIT_THKTLT_NHOM10_BTVN\BTVNBUOI3\BTVNBUOI3\BTVNBUOI3\Bai4.cpp(117,16): warning C4566: character represented by universal-character-name '\u1EA3' cannot be represented in the current code page (1252)
D:\HK3 nam 3\HUIT_THKTLT_NHOM10_BTVN\BTVNBUOI3\BTVNBUOI3\BTVNBUOI3\Bai4.cpp(117,16): warning C4566: character represented by universal-character-name '\u1EA7' cannot be represented in the current code page (1252)
D:\HK3 nam 3\HUIT_THKTLT_NHOM10_BTVN\BTVNBUOI3\BTVNBUOI3\BTVNBUOI3\Bai4.cpp(117,16): warning C4566: character represented by universal-character-name '\u1EB5' cannot be represented in the current code page (1252)
D:\HK3 nam 3\HUIT_THKTLT_NHOM10_BTVN\BTVNBUOI3\BTVNBUOI3\BTVNBUOI3\Bai4.cpp(117,16): warning C4566: character represented by universal-character-name '\u0103' cannot be represented in the current code page (1252)
D:\HK3 nam 3\HUIT_THKTLT_NHOM10_BTVN\BTVNBUOI3\BTVNBUOI3\BTVNBUOI3\Bai4.cpp(118,16): warning C4566: character represented by universal-character-name '\u1EAF' cannot be represented in the current code page (1252)
D:\HK3 nam 3\HUIT_THKTLT_NHOM10_BTVN\BTVNBUOI3\BTVNBUOI3\BTVNBUOI3\Bai4.cpp(118,16): warning C4566: character represented by universal-character-name '\u1EBF' cannot be represented in the current code page (1252)
D:\HK3 nam 3\HUIT_THKTLT_NHOM10_BTVN\BTVNBUOI3\BTVNBUOI3\BTVNBUOI3\Bai4.cpp(118,16): warning C4566: character represented by universal-character-name '\u0111' cannot be represented in the current code page (1252)
D:\HK3 nam 3\HUIT_THKTLT_NHOM10_BTVN\BTVNBUOI3\BTVNBUOI3\BTVNBUOI3\Bai4.cpp(118,16): warning C4566: character represented by universal-character-name '\u01B0' cannot be represented in the current code page (1252)
D:\HK3 nam 3\HUIT_THKTLT_NHOM10_BTVN\BTVNBUOI3\BTVNBUOI3\BTVNBUOI3\Bai4.cpp(118,16): warning C4566: character represented by universal-character-name '\u1EDD' cannot be represented in the current code page (1252)
D:\HK3 nam 3\HUIT_THKTLT_NHOM10_BTVN\BTVNBUOI3\BTVNBUOI3\BTVNBUOI3\Bai4.cpp(118,16): warning C4566: character represented by universal-character-name '\u1EDB' cannot be represented in the current code page (1252)
D:\HK3 nam 3\HUIT_THKTLT_NHOM10_BTVN\BTVNBUOI3\BTVNBUOI3\BTVNBUOI3\Bai4.cpp(118,16): warning C4566: character represented by universal-character-name '\u0103' cannot be represented in the current code page (1252)
D:\HK3 nam 3\HUIT_THKTLT_NHOM10_BTVN\BTVNBUOI3\BTVNBUOI3\BTVNBUOI3\Bai4.cpp(118,16): warning C4566: character represented by universal-character-name '\u1EA7' cannot be represented in the current code page (1252)
D:\HK3 nam 3\HUIT_THKTLT_NHOM10_BTVN\BTVNBUOI3\BTVNBUOI3\BTVNBUOI3\Bai4.cpp(119,16): warning C4566: character represented by universal-character-name '\u1EC3' cannot be represented in the current code page (1252)
D:\HK3 nam 3\HUIT_THKTLT_NHOM10_BTVN\BTVNBUOI3\BTVNBUOI3\BTVNBUOI3\Bai4.cpp(119,16): warning C4566: character represented by universal-character-name '\u1EA7' cannot be represented in the current code page (1252)
D:\HK3 nam 3\HUIT_THKTLT_NHOM10_BTVN\BTVNBUOI3\BTVNBUOI3\BTVNBUOI3\Bai4.cpp(119,16): warning C4566: character represented by universal-character-name '\u1EED' cannot be represented in the current code page (1252)
D:\HK3 nam 3\HUIT_THKTLT_NHOM10_BTVN\BTVNBUOI3\BTVNBUOI3\BTVNBUOI3\Bai4.cpp(119,16): warning C4566: character represented by universal-character-name '\u1EB5' cannot be represented in the current code page (1252)
D:\HK3 nam 3\HUIT_THKTLT_NHOM10_BTVN\BTVNBUOI3\BTVNBUOI3\BTVNBUOI3\Bai4.cpp(119,16): warning C4566: character represented by universal-character-name '\u1EBB' cannot be represented in the current code page (1252)
D:\HK3 nam 3\HUIT_THKTLT_NHOM10_BTVN\BTVNBUOI3\BTVNBUOI3\BTVNBUOI3\Bai4.cpp(119,16): warning C4566: character represented by universal-character-name '\u1ED1' cannot be represented in the current code page (1252)
D:\HK3 nam 3\HUIT_THKTLT_NHOM10_BTVN\BTVNBUOI3\BTVNBUOI3\BTVNBUOI3\Bai4.cpp(119,16): warning C4566: character represented by universal-character-name '\u01B0' cannot be represented in the current code page (1252)
D:\HK3 nam 3\HUIT_THKTLT_NHOM10_BTVN\BTVNBUOI3\BTVNBUOI3\BTVNBUOI3\Bai4.cpp(119,16): warning C4566: character represented by universal-character-name '\u1EDB' cannot be represented in the current code page (1252)
D:\HK3 nam 3\HUIT_THKTLT_NHOM10_BTVN\BTVNBUOI3\BTVNBUOI3\BTVNBUOI3\Bai4.cpp(120,16): warning C4566: character represented by universal-character-name '\u1EC3' cannot be represented in the current code page (1252)
D:\HK3 nam 3\HUIT_THKTLT_NHOM10_BTVN\BTVNBUOI3\BTVNBUOI3\BTVNBUOI3\Bai4.cpp(120,16): warning C4566: character represented by universal-character-name '\u0111' cannot be represented in the current code page (1252)
D:\HK3 nam 3\HUIT_THKTLT_NHOM10_BTVN\BTVNBUOI3\BTVNBUOI3\BTVNBUOI3\Bai4.cpp(120,16): warning C4566: character represented by universal-character-name '\u1ED1' cannot be represented in the current code page (1252)
D:\HK3 nam 3\HUIT_THKTLT_NHOM10_BTVN\BTVNBUOI3\BTVNBUOI3\BTVNBUOI3\Bai4.cpp(120,16): warning C4566: character represented by universal-character-name '\u1EE9' cannot be represented in the current code page (1252)
D:\HK3 nam 3\HUIT_THKTLT_NHOM10_BTVN\BTVNBUOI3\BTVNBUOI3\BTVNBUOI3\Bai4.cpp(120,16): warning C4566: character represented by universal-character-name '\u01B0' cannot be represented in the current code page (1252)
D:\HK3 nam 3\HUIT_THKTLT_NHOM10_BTVN\BTVNBUOI3\BTVNBUOI3\BTVNBUOI3\Bai4.cpp(120,16): warning C4566: character represented by universal-character-name '\u1EDD' cannot be represented in the current code page (1252)
D:\HK3 nam 3\HUIT_THKTLT_NHOM10_BTVN\BTVNBUOI3\BTVNBUOI3\BTVNBUOI3\Bai4.cpp(122,16): warning C4566: character represented by universal-character-name '\u1EF1' cannot be represented in the current code page (1252)
D:\HK3 nam 3\HUIT_THKTLT_NHOM10_BTVN\BTVNBUOI3\BTVNBUOI3\BTVNBUOI3\Bai4.cpp(122,16): warning C4566: character represented by universal-character-name '\u1ECD' cannot be represented in the current code page (1252)
D:\HK3 nam 3\HUIT_THKTLT_NHOM10_BTVN\BTVNBUOI3\BTVNBUOI3\BTVNBUOI3\Bai4.cpp(122,16): warning C4566: character represented by universal-character-name '\u1EE7' cannot be represented in the current code page (1252)
D:\HK3 nam 3\HUIT_THKTLT_NHOM10_BTVN\BTVNBUOI3\BTVNBUOI3\BTVNBUOI3\Bai4.cpp(122,16): warning C4566: character represented by universal-character-name '\u1EA1' cannot be represented in the current code page (1252)
D:\HK3 nam 3\HUIT_THKTLT_NHOM10_BTVN\BTVNBUOI3\BTVNBUOI3\BTVNBUOI3\Bai4.cpp(127,20): warning C4566: character represented by universal-character-name '\u1ECD' cannot be represented in the current code page (1252)
D:\HK3 nam 3\HUIT_THKTLT_NHOM10_BTVN\BTVNBUOI3\BTVNBUOI3\BTVNBUOI3\Bai4.cpp(127,20): warning C4566: character represented by universal-character-name '\u0111' cannot be represented in the current code page (1252)
D:\HK3 nam 3\HUIT_THKTLT_NHOM10_BTVN\BTVNBUOI3\BTVNBUOI3\BTVNBUOI3\Bai4.cpp(127,20): warning C4566: character represented by universal-character-name '\u1EC3' cannot be represented in the current code page (1252)
D:\HK3 nam 3\HUIT_THKTLT_NHOM10_BTVN\BTVNBUOI3\BTVNBUOI3\BTVNBUOI3\Bai4.cpp(127,20): warning C4566: character represented by universal-character-name '\u1EAF' cannot be represented in the current code page (1252)
D:\HK3 nam 3\HUIT_THKTLT_NHOM10_BTVN\BTVNBUOI3\BTVNBUOI3\BTVNBUOI3\Bai4.cpp(127,20): warning C4566: character represented by universal-character-name '\u1EBF' cannot be represented in the current code page (1252)
D:\HK3 nam 3\HUIT_THKTLT_NHOM10_BTVN\BTVNBUOI3\BTVNBUOI3\BTVNBUOI3\Bai4.cpp(127,20): warning C4566: character represented by universal-character-name '\u0103' cannot be represented in the current code page (1252)
D:\HK3 nam 3\HUIT_THKTLT_NHOM10_BTVN\BTVNBUOI3\BTVNBUOI3\BTVNBUOI3\Bai4.cpp(127,20): warning C4566: character represented by universal-character-name '\u1EA7' cannot be represented in the current code page (1252)
D:\HK3 nam 3\HUIT_THKTLT_NHOM10_BTVN\BTVNBUOI3\BTVNBUOI3\BTVNBUOI3\Bai4.cpp(127,20): warning C4566: character represented by universal-character-name '\u1EA3' cannot be represented in the current code page (1252)
D:\HK3 nam 3\HUIT_THKTLT_NHOM10_BTVN\BTVNBUOI3\BTVNBUOI3\BTVNBUOI3\Bai4.cpp(130,20): warning C4566: character represented by universal-character-name '\u1EAD' cannot be represented in the current code page (1252)
D:\HK3 nam 3\HUIT_THKTLT_NHOM10_BTVN\BTVNBUOI3\BTVNBUOI3\BTVNBUOI3\Bai4.cpp(130,20): warning C4566: character represented by universal-character-name '\u1EAF' cannot be represented in the current code page (1252)
D:\HK3 nam 3\HUIT_THKTLT_NHOM10_BTVN\BTVNBUOI3\BTVNBUOI3\BTVNBUOI3\Bai4.cpp(130,20): warning C4566: character represented by universal-character-name '\u1EBF' cannot be represented in the current code page (1252)
D:\HK3 nam 3\HUIT_THKTLT_NHOM10_BTVN\BTVNBUOI3\BTVNBUOI3\BTVNBUOI3\Bai4.cpp(130,20): warning C4566: character represented by universal-character-name '\u0111' cannot be represented in the current code page (1252)
D:\HK3 nam 3\HUIT_THKTLT_NHOM10_BTVN\BTVNBUOI3\BTVNBUOI3\BTVNBUOI3\Bai4.cpp(130,20): warning C4566: character represented by universal-character-name '\u01B0' cannot be represented in the current code page (1252)
D:\HK3 nam 3\HUIT_THKTLT_NHOM10_BTVN\BTVNBUOI3\BTVNBUOI3\BTVNBUOI3\Bai4.cpp(130,20): warning C4566: character represented by universal-character-name '\u1EDD' cannot be represented in the current code page (1252)
D:\HK3 nam 3\HUIT_THKTLT_NHOM10_BTVN\BTVNBUOI3\BTVNBUOI3\BTVNBUOI3\Bai4.cpp(130,20): warning C4566: character represented by universal-character-name '\u1EE5' cannot be represented in the current code page (1252)
D:\HK3 nam 3\HUIT_THKTLT_NHOM10_BTVN\BTVNBUOI3\BTVNBUOI3\BTVNBUOI3\Bai4.cpp(140,20): warning C4566: character represented by universal-character-name '\u1EAD' cannot be represented in the current code page (1252)
D:\HK3 nam 3\HUIT_THKTLT_NHOM10_BTVN\BTVNBUOI3\BTVNBUOI3\BTVNBUOI3\Bai4.cpp(140,20): warning C4566: character represented by universal-character-name '\u1EAF' cannot be represented in the current code page (1252)
D:\HK3 nam 3\HUIT_THKTLT_NHOM10_BTVN\BTVNBUOI3\BTVNBUOI3\BTVNBUOI3\Bai4.cpp(140,20): warning C4566: character represented by universal-character-name '\u1EBF' cannot be represented in the current code page (1252)
D:\HK3 nam 3\HUIT_THKTLT_NHOM10_BTVN\BTVNBUOI3\BTVNBUOI3\BTVNBUOI3\Bai4.cpp(150,20): warning C4566: character represented by universal-character-name '\u1EAD' cannot be represented in the current code page (1252)
D:\HK3 nam 3\HUIT_THKTLT_NHOM10_BTVN\BTVNBUOI3\BTVNBUOI3\BTVNBUOI3\Bai4.cpp(150,20): warning C4566: character represented by universal-character-name '\u1EAF' cannot be represented in the current code page (1252)
D:\HK3 nam 3\HUIT_THKTLT_NHOM10_BTVN\BTVNBUOI3\BTVNBUOI3\BTVNBUOI3\Bai4.cpp(150,20): warning C4566: character represented by universal-character-name '\u1EBF' cannot be represented in the current code page (1252)
D:\HK3 nam 3\HUIT_THKTLT_NHOM10_BTVN\BTVNBUOI3\BTVNBUOI3\BTVNBUOI3\Bai4.cpp(150,20): warning C4566: character represented by universal-character-name '\u1ED9' cannot be represented in the current code page (1252)
D:\HK3 nam 3\HUIT_THKTLT_NHOM10_BTVN\BTVNBUOI3\BTVNBUOI3\BTVNBUOI3\Bai4.cpp(160,20): warning C4566: character represented by universal-character-name '\u1EAD' cannot be represented in the current code page (1252)
D:\HK3 nam 3\HUIT_THKTLT_NHOM10_BTVN\BTVNBUOI3\BTVNBUOI3\BTVNBUOI3\Bai4.cpp(160,20): warning C4566: character represented by universal-character-name '\u1EAF' cannot be represented in the current code page (1252)
D:\HK3 nam 3\HUIT_THKTLT_NHOM10_BTVN\BTVNBUOI3\BTVNBUOI3\BTVNBUOI3\Bai4.cpp(160,20): warning C4566: character represented by universal-character-name '\u1EBF' cannot be represented in the current code page (1252)
D:\HK3 nam 3\HUIT_THKTLT_NHOM10_BTVN\BTVNBUOI3\BTVNBUOI3\BTVNBUOI3\Bai4.cpp(160,20): warning C4566: character represented by universal-character-name '\u0111' cannot be represented in the current code page (1252)
D:\HK3 nam 3\HUIT_THKTLT_NHOM10_BTVN\BTVNBUOI3\BTVNBUOI3\BTVNBUOI3\Bai4.cpp(160,20): warning C4566: character represented by universal-character-name '\u01B0' cannot be represented in the current code page (1252)
D:\HK3 nam 3\HUIT_THKTLT_NHOM10_BTVN\BTVNBUOI3\BTVNBUOI3\BTVNBUOI3\Bai4.cpp(160,20): warning C4566: character represented by universal-character-name '\u1EDD' cannot be represented in the current code page (1252)
D:\HK3 nam 3\HUIT_THKTLT_NHOM10_BTVN\BTVNBUOI3\BTVNBUOI3\BTVNBUOI3\Bai4.cpp(170,20): warning C4566: character represented by universal-character-name '\u1EAD' cannot be represented in the current code page (1252)
D:\HK3 nam 3\HUIT_THKTLT_NHOM10_BTVN\BTVNBUOI3\BTVNBUOI3\BTVNBUOI3\Bai4.cpp(170,20): warning C4566: character represented by universal-character-name '\u1EC3' cannot be represented in the current code page (1252)
D:\HK3 nam 3\HUIT_THKTLT_NHOM10_BTVN\BTVNBUOI3\BTVNBUOI3\BTVNBUOI3\Bai4.cpp(170,20): warning C4566: character represented by universal-character-name '\u1EB5' cannot be represented in the current code page (1252)
D:\HK3 nam 3\HUIT_THKTLT_NHOM10_BTVN\BTVNBUOI3\BTVNBUOI3\BTVNBUOI3\Bai4.cpp(170,20): warning C4566: character represented by universal-character-name '\u1EBB' cannot be represented in the current code page (1252)
D:\HK3 nam 3\HUIT_THKTLT_NHOM10_BTVN\BTVNBUOI3\BTVNBUOI3\BTVNBUOI3\Bai4.cpp(170,20): warning C4566: character represented by universal-character-name '\u1ED1' cannot be represented in the current code page (1252)
D:\HK3 nam 3\HUIT_THKTLT_NHOM10_BTVN\BTVNBUOI3\BTVNBUOI3\BTVNBUOI3\Bai4.cpp(170,20): warning C4566: character represented by universal-character-name '\u01B0' cannot be represented in the current code page (1252)
D:\HK3 nam 3\HUIT_THKTLT_NHOM10_BTVN\BTVNBUOI3\BTVNBUOI3\BTVNBUOI3\Bai4.cpp(170,20): warning C4566: character represented by universal-character-name '\u1EDB' cannot be represented in the current code page (1252)
D:\HK3 nam 3\HUIT_THKTLT_NHOM10_BTVN\BTVNBUOI3\BTVNBUOI3\BTVNBUOI3\Bai4.cpp(180,24): warning C4566: character represented by universal-character-name '\u1EAD' cannot be represented in the current code page (1252)
D:\HK3 nam 3\HUIT_THKTLT_NHOM10_BTVN\BTVNBUOI3\BTVNBUOI3\BTVNBUOI3\Bai4.cpp(180,24): warning C4566: character represented by universal-character-name '\u0111' cannot be represented in the current code page (1252)
D:\HK3 nam 3\HUIT_THKTLT_NHOM10_BTVN\BTVNBUOI3\BTVNBUOI3\BTVNBUOI3\Bai4.cpp(180,24): warning C4566: character represented by universal-character-name '\u1ED1' cannot be represented in the current code page (1252)
D:\HK3 nam 3\HUIT_THKTLT_NHOM10_BTVN\BTVNBUOI3\BTVNBUOI3\BTVNBUOI3\Bai4.cpp(180,24): warning C4566: character represented by universal-character-name '\u1EE9' cannot be represented in the current code page (1252)
D:\HK3 nam 3\HUIT_THKTLT_NHOM10_BTVN\BTVNBUOI3\BTVNBUOI3\BTVNBUOI3\Bai4.cpp(180,24): warning C4566: character represented by universal-character-name '\u01B0' cannot be represented in the current code page (1252)
D:\HK3 nam 3\HUIT_THKTLT_NHOM10_BTVN\BTVNBUOI3\BTVNBUOI3\BTVNBUOI3\Bai4.cpp(180,24): warning C4566: character represented by universal-character-name '\u1EDD' cannot be represented in the current code page (1252)
D:\HK3 nam 3\HUIT_THKTLT_NHOM10_BTVN\BTVNBUOI3\BTVNBUOI3\BTVNBUOI3\Bai4.cpp(183,24): warning C4566: character represented by universal-character-name '\u1EAD' cannot be represented in the current code page (1252)
D:\HK3 nam 3\HUIT_THKTLT_NHOM10_BTVN\BTVNBUOI3\BTVNBUOI3\BTVNBUOI3\Bai4.cpp(183,24): warning C4566: character represented by universal-character-name '\u0111' cannot be represented in the current code page (1252)
D:\HK3 nam 3\HUIT_THKTLT_NHOM10_BTVN\BTVNBUOI3\BTVNBUOI3\BTVNBUOI3\Bai4.cpp(183,24): warning C4566: character represented by universal-character-name '\u1ED1' cannot be represented in the current code page (1252)
D:\HK3 nam 3\HUIT_THKTLT_NHOM10_BTVN\BTVNBUOI3\BTVNBUOI3\BTVNBUOI3\Bai4.cpp(183,24): warning C4566: character represented by universal-character-name '\u1EE9' cannot be represented in the current code page (1252)
D:\HK3 nam 3\HUIT_THKTLT_NHOM10_BTVN\BTVNBUOI3\BTVNBUOI3\BTVNBUOI3\Bai4.cpp(183,24): warning C4566: character represented by universal-character-name '\u01B0' cannot be represented in the current code page (1252)
D:\HK3 nam 3\HUIT_THKTLT_NHOM10_BTVN\BTVNBUOI3\BTVNBUOI3\BTVNBUOI3\Bai4.cpp(183,24): warning C4566: character represented by universal-character-name '\u1EDD' cannot be represented in the current code page (1252)
D:\HK3 nam 3\HUIT_THKTLT_NHOM10_BTVN\BTVNBUOI3\BTVNBUOI3\BTVNBUOI3\Bai4.cpp(188,20): warning C4566: character represented by universal-character-name '\u01B0' cannot be represented in the current code page (1252)
D:\HK3 nam 3\HUIT_THKTLT_NHOM10_BTVN\BTVNBUOI3\BTVNBUOI3\BTVNBUOI3\Bai4.cpp(188,20): warning C4566: character represented by universal-character-name '\u01A1' cannot be represented in the current code page (1252)
D:\HK3 nam 3\HUIT_THKTLT_NHOM10_BTVN\BTVNBUOI3\BTVNBUOI3\BTVNBUOI3\Bai4.cpp(191,20): warning C4566: character represented by universal-character-name '\u1EF1' cannot be represented in the current code page (1252)
D:\HK3 nam 3\HUIT_THKTLT_NHOM10_BTVN\BTVNBUOI3\BTVNBUOI3\BTVNBUOI3\Bai4.cpp(191,20): warning C4566: character represented by universal-character-name '\u1ECD' cannot be represented in the current code page (1252)
D:\HK3 nam 3\HUIT_THKTLT_NHOM10_BTVN\BTVNBUOI3\BTVNBUOI3\BTVNBUOI3\Bai4.cpp(191,20): warning C4566: character represented by universal-character-name '\u1EE3' cannot be represented in the current code page (1252)
D:\HK3 nam 3\HUIT_THKTLT_NHOM10_BTVN\BTVNBUOI3\BTVNBUOI3\BTVNBUOI3\Bai4.cpp(191,20): warning C4566: character represented by universal-character-name '\u1EC7' cannot be represented in the current code page (1252)
D:\HK3 nam 3\HUIT_THKTLT_NHOM10_BTVN\BTVNBUOI3\BTVNBUOI3\BTVNBUOI3\Bai4.cpp(104,5): warning C4996: 'scanf': This function or variable may be unsafe. Consider using scanf_s instead. To disable deprecation, use _CRT_SECURE_NO_WARNINGS. See online help for details.
D:\HK3 nam 3\HUIT_THKTLT_NHOM10_BTVN\BTVNBUOI3\BTVNBUOI3\BTVNBUOI3\Bai4.cpp(109,13): warning C4996: 'scanf': This function or variable may be unsafe. Consider using scanf_s instead. To disable deprecation, use _CRT_SECURE_NO_WARNINGS. See online help for details.
D:\HK3 nam 3\HUIT_THKTLT_NHOM10_BTVN\BTVNBUOI3\BTVNBUOI3\BTVNBUOI3\Bai4.cpp(123,9): warning C4996: 'scanf': This function or variable may be unsafe. Consider using scanf_s instead. To disable deprecation, use _CRT_SECURE_NO_WARNINGS. See online help for details.
D:\HK3 nam 3\HUIT_THKTLT_NHOM10_BTVN\BTVNBUOI3\BTVNBUOI3\BTVNBUOI3\Bai4.cpp(128,13): warning C4996: 'scanf': This function or variable may be unsafe. Consider using scanf_s instead. To disable deprecation, use _CRT_SECURE_NO_WARNINGS. See online help for details.
  BTVNBUOI3.vcxproj -> D:\HK3 nam 3\HUIT_THKTLT_NHOM10_BTVN\BTVNBUOI3\BTVNBUOI3\x64\Debug\BTVNBUOI3.exe
